Assembler report for fullAdderModule
Sun Mar  9 15:47:24 2025
Quartus Prime Version 22.1std.0 Build 915 10/25/2022 SC Lite Edition


---------------------
; Table of Contents ;
---------------------
  1. Legal Notice
  2. Assembler Summary
  3. Assembler Settings
  4. Assembler Generated Files
  5. Assembler Device Options: C:/Users/Windows11Virtual/Desktop/Rbolanos-Amunoz-Crodriguez-digital-design-lab-2024/Pregunta 2/fullAdderModule.sof
  6. Assembler Messages



----------------
; Legal Notice ;
----------------
Copyright (C) 2022  Intel Corporation. All rights reserved.
Your use of Intel Corporation's design tools, logic functions 
and other software and tools, and any partner logic 
functions, and any output files from any of the foregoing 
(including device programming or simulation files), and any 
associated documentation or information are expressly subject 
to the terms and conditions of the Intel Program License 
Subscription Agreement, the Intel Quartus Prime License Agreement,
the Intel FPGA IP License Agreement, or other applicable license
agreement, including, without limitation, that your use is for
the sole purpose of programming logic devices manufactured by
Intel and sold by Intel or its authorized distributors.  Please
refer to the applicable agreement for further details, at
https://fpgasoftware.intel.com/eula.



+---------------------------------------------------------------+
; Assembler Summary                                             ;
+-----------------------+---------------------------------------+
; Assembler Status      ; Successful - Sun Mar  9 15:47:24 2025 ;
; Revision Name         ; fullAdderModule                       ;
; Top-level Entity Name ; fullAdderModule                       ;
; Family                ; Cyclone V                             ;
; Device                ; 5CSXFC6D6F31C6                        ;
+-----------------------+---------------------------------------+


+----------------------------------+
; Assembler Settings               ;
+--------+---------+---------------+
; Option ; Setting ; Default Value ;
+--------+---------+---------------+


+---------------------------------------------------------------------------------------------------------------------+
; Assembler Generated Files                                                                                           ;
+---------------------------------------------------------------------------------------------------------------------+
; File Name                                                                                                           ;
+---------------------------------------------------------------------------------------------------------------------+
; C:/Users/Windows11Virtual/Desktop/Rbolanos-Amunoz-Crodriguez-digital-design-lab-2024/Pregunta 2/fullAdderModule.sof ;
+---------------------------------------------------------------------------------------------------------------------+


+-----------------------------------------------------------------------------------------------------------------------------------------------+
; Assembler Device Options: C:/Users/Windows11Virtual/Desktop/Rbolanos-Amunoz-Crodriguez-digital-design-lab-2024/Pregunta 2/fullAdderModule.sof ;
+----------------+------------------------------------------------------------------------------------------------------------------------------+
; Option         ; Setting                                                                                                                      ;
+----------------+------------------------------------------------------------------------------------------------------------------------------+
; JTAG usercode  ; 0x00AFCCCC                                                                                                                   ;
; Checksum       ; 0x00AFCCCC                                                                                                                   ;
+----------------+------------------------------------------------------------------------------------------------------------------------------+


+--------------------+
; Assembler Messages ;
+--------------------+
Info: *******************************************************************
Info: Running Quartus Prime Assembler
    Info: Version 22.1std.0 Build 915 10/25/2022 SC Lite Edition
    Info: Processing started: Sun Mar  9 15:47:20 2025
Info: Command: quartus_asm --read_settings_files=off --write_settings_files=off fullAdderModule -c fullAdderModule
Warning (18236): Number of processors has not been specified which may cause overloading on shared machines.  Set the global assignment NUM_PARALLEL_PROCESSORS in your QSF to an appropriate value for best performance.
Info (115030): Assembler is generating device programming files
Info: Quartus Prime Assembler was successful. 0 errors, 1 warning
    Info: Peak virtual memory: 5235 megabytes
    Info: Processing ended: Sun Mar  9 15:47:24 2025
    Info: Elapsed time: 00:00:04
    Info: Total CPU time (on all processors): 00:00:05


